INFO:root:downloading story walter-forsberg-digital-dialogue-november-7-2017 to digdialog/walter-forsberg-digital-dialogue-november-7-2017
INFO:root:fetching images for digdialog/walter-forsberg-digital-dialogue-november-7-2017
INFO:root:rewriting html digdialog/walter-forsberg-digital-dialogue-november-7-2017
INFO:root:finished archiving walter-forsberg-digital-dialogue-november-7-2017
INFO:root:downloading story alexandrina-agloro-digital-dialogue-october-31-201 to digdialog/alexandrina-agloro-digital-dialogue-october-31-201
INFO:root:fetching images for digdialog/alexandrina-agloro-digital-dialogue-october-31-201
INFO:root:rewriting html digdialog/alexandrina-agloro-digital-dialogue-october-31-201
INFO:root:finished archiving alexandrina-agloro-digital-dialogue-october-31-201
INFO:root:downloading story elisa-beshero-bondar-digital-dialogue-october-24-2 to digdialog/elisa-beshero-bondar-digital-dialogue-october-24-2
INFO:root:fetching images for digdialog/elisa-beshero-bondar-digital-dialogue-october-24-2
INFO:root:rewriting html digdialog/elisa-beshero-bondar-digital-dialogue-october-24-2
INFO:root:finished archiving elisa-beshero-bondar-digital-dialogue-october-24-2
INFO:root:downloading story sarah-florini-digital-dialogue-october-10-2017 to digdialog/sarah-florini-digital-dialogue-october-10-2017
INFO:root:fetching images for digdialog/sarah-florini-digital-dialogue-october-10-2017
INFO:root:rewriting html digdialog/sarah-florini-digital-dialogue-october-10-2017
INFO:root:finished archiving sarah-florini-digital-dialogue-october-10-2017
INFO:root:downloading story nicole-cooke-digital-dialogue-october-3-2017 to digdialog/nicole-cooke-digital-dialogue-october-3-2017
INFO:root:fetching images for digdialog/nicole-cooke-digital-dialogue-october-3-2017
INFO:root:rewriting html digdialog/nicole-cooke-digital-dialogue-october-3-2017
INFO:root:finished archiving nicole-cooke-digital-dialogue-october-3-2017
INFO:root:downloading story kevin-hamilton-digital-dialogue-september-26-2017 to digdialog/kevin-hamilton-digital-dialogue-september-26-2017
INFO:root:fetching images for digdialog/kevin-hamilton-digital-dialogue-september-26-2017
INFO:root:rewriting html digdialog/kevin-hamilton-digital-dialogue-september-26-2017
INFO:root:finished archiving kevin-hamilton-digital-dialogue-september-26-2017
INFO:root:downloading story josh-shepperd-digital-dialogue-april-11-2017 to digdialog/josh-shepperd-digital-dialogue-april-11-2017
INFO:root:fetching images for digdialog/josh-shepperd-digital-dialogue-april-11-2017
INFO:root:rewriting html digdialog/josh-shepperd-digital-dialogue-april-11-2017
INFO:root:finished archiving josh-shepperd-digital-dialogue-april-11-2017
INFO:root:downloading story joanna-swafford-digital-dialogue-april-4-2017 to digdialog/joanna-swafford-digital-dialogue-april-4-2017
INFO:root:fetching images for digdialog/joanna-swafford-digital-dialogue-april-4-2017
INFO:root:rewriting html digdialog/joanna-swafford-digital-dialogue-april-4-2017
INFO:root:finished archiving joanna-swafford-digital-dialogue-april-4-2017
INFO:root:downloading story avery-dame-digital-dialogue-march-28-2017 to digdialog/avery-dame-digital-dialogue-march-28-2017
INFO:root:fetching images for digdialog/avery-dame-digital-dialogue-march-28-2017
INFO:root:rewriting html digdialog/avery-dame-digital-dialogue-march-28-2017
INFO:root:finished archiving avery-dame-digital-dialogue-march-28-2017
INFO:root:downloading story andre-brock-digital-dialogue-february-28-2017 to digdialog/andre-brock-digital-dialogue-february-28-2017
INFO:root:fetching images for digdialog/andre-brock-digital-dialogue-february-28-2017
INFO:root:rewriting html digdialog/andre-brock-digital-dialogue-february-28-2017
INFO:root:finished archiving andre-brock-digital-dialogue-february-28-2017
INFO:root:downloading story columba-stewart-digital-dialogue-february-15-2017 to digdialog/columba-stewart-digital-dialogue-february-15-2017
INFO:root:fetching images for digdialog/columba-stewart-digital-dialogue-february-15-2017
INFO:root:rewriting html digdialog/columba-stewart-digital-dialogue-february-15-2017
INFO:root:finished archiving columba-stewart-digital-dialogue-february-15-2017
INFO:root:downloading story kishonna-gray-digital-dialogue-february-7-2017 to digdialog/kishonna-gray-digital-dialogue-february-7-2017
INFO:root:fetching images for digdialog/kishonna-gray-digital-dialogue-february-7-2017
INFO:root:rewriting html digdialog/kishonna-gray-digital-dialogue-february-7-2017
INFO:root:finished archiving kishonna-gray-digital-dialogue-february-7-2017
INFO:root:downloading story dana-williams-kenton-rambsy-digital-dialogue-novem to digdialog/dana-williams-kenton-rambsy-digital-dialogue-novem
INFO:root:fetching images for digdialog/dana-williams-kenton-rambsy-digital-dialogue-novem
INFO:root:rewriting html digdialog/dana-williams-kenton-rambsy-digital-dialogue-novem
INFO:root:finished archiving dana-williams-kenton-rambsy-digital-dialogue-novem
INFO:root:downloading story jim-casey-sarah-patterson-digital-dialogue-novembe to digdialog/jim-casey-sarah-patterson-digital-dialogue-novembe
INFO:root:fetching images for digdialog/jim-casey-sarah-patterson-digital-dialogue-novembe
INFO:root:rewriting html digdialog/jim-casey-sarah-patterson-digital-dialogue-novembe
INFO:root:finished archiving jim-casey-sarah-patterson-digital-dialogue-novembe
INFO:root:downloading story alberto-campagnolo-digital-dialogue-november-1-201 to digdialog/alberto-campagnolo-digital-dialogue-november-1-201
INFO:root:fetching images for digdialog/alberto-campagnolo-digital-dialogue-november-1-201
INFO:root:rewriting html digdialog/alberto-campagnolo-digital-dialogue-november-1-201
INFO:root:finished archiving alberto-campagnolo-digital-dialogue-november-1-201
INFO:root:downloading story ravon-ruffin-digital-dialogue-october-25-2016 to digdialog/ravon-ruffin-digital-dialogue-october-25-2016
INFO:root:fetching images for digdialog/ravon-ruffin-digital-dialogue-october-25-2016
INFO:root:rewriting html digdialog/ravon-ruffin-digital-dialogue-october-25-2016
INFO:root:finished archiving ravon-ruffin-digital-dialogue-october-25-2016
INFO:root:downloading story gregory-zinman-digital-dialogue-october-18-2016 to digdialog/gregory-zinman-digital-dialogue-october-18-2016
INFO:root:fetching images for digdialog/gregory-zinman-digital-dialogue-october-18-2016
INFO:root:rewriting html digdialog/gregory-zinman-digital-dialogue-october-18-2016
INFO:root:finished archiving gregory-zinman-digital-dialogue-october-18-2016
INFO:root:downloading story catherine-knight-steele-digital-dialogue-october-1 to digdialog/catherine-knight-steele-digital-dialogue-october-1
INFO:root:fetching images for digdialog/catherine-knight-steele-digital-dialogue-october-1
INFO:root:rewriting html digdialog/catherine-knight-steele-digital-dialogue-october-1
INFO:root:finished archiving catherine-knight-steele-digital-dialogue-october-1
INFO:root:downloading story purdom-lindblad-digital-dialogue-october-4-2016 to digdialog/purdom-lindblad-digital-dialogue-october-4-2016
INFO:root:fetching images for digdialog/purdom-lindblad-digital-dialogue-october-4-2016
INFO:root:rewriting html digdialog/purdom-lindblad-digital-dialogue-october-4-2016
INFO:root:finished archiving purdom-lindblad-digital-dialogue-october-4-2016
INFO:root:downloading story digital-dialogu to digdialog/digital-dialogu
INFO:root:fetching images for digdialog/digital-dialogu
INFO:root:rewriting html digdialog/digital-dialogu
INFO:root:finished archiving digital-dialogu
INFO:root:downloading story harold-short-digital-dialogue-at-mith-march-29-201 to digdialog/harold-short-digital-dialogue-at-mith-march-29-201
INFO:root:fetching images for digdialog/harold-short-digital-dialogue-at-mith-march-29-201
INFO:root:rewriting html digdialog/harold-short-digital-dialogue-at-mith-march-29-201
INFO:root:finished archiving harold-short-digital-dialogue-at-mith-march-29-201
INFO:root:downloading story henry-lovejoy-digital-dialogue-march-8-2016 to digdialog/henry-lovejoy-digital-dialogue-march-8-2016
INFO:root:fetching images for digdialog/henry-lovejoy-digital-dialogue-march-8-2016
INFO:root:rewriting html digdialog/henry-lovejoy-digital-dialogue-march-8-2016
INFO:root:finished archiving henry-lovejoy-digital-dialogue-march-8-2016
INFO:root:downloading story thomas-haigh-mark-priestley-digital-dialogue-at-mi to digdialog/thomas-haigh-mark-priestley-digital-dialogue-at-mi
INFO:root:fetching images for digdialog/thomas-haigh-mark-priestley-digital-dialogue-at-mi
INFO:root:rewriting html digdialog/thomas-haigh-mark-priestley-digital-dialogue-at-mi
INFO:root:finished archiving thomas-haigh-mark-priestley-digital-dialogue-at-mi
INFO:root:downloading story elissa-frankle-digital-dialogue to digdialog/elissa-frankle-digital-dialogue
INFO:root:fetching images for digdialog/elissa-frankle-digital-dialogue
INFO:root:rewriting html digdialog/elissa-frankle-digital-dialogue
INFO:root:finished archiving elissa-frankle-digital-dialogue
INFO:root:downloading story trisha-campbell-digital-dialogue-at-mith-november- to digdialog/trisha-campbell-digital-dialogue-at-mith-november-
INFO:root:fetching images for digdialog/trisha-campbell-digital-dialogue-at-mith-november-
INFO:root:rewriting html digdialog/trisha-campbell-digital-dialogue-at-mith-november-
INFO:root:finished archiving trisha-campbell-digital-dialogue-at-mith-november-
INFO:root:downloading story richard-freedman-digital-dialogue-at-mith-november to digdialog/richard-freedman-digital-dialogue-at-mith-november
INFO:root:fetching images for digdialog/richard-freedman-digital-dialogue-at-mith-november
INFO:root:rewriting html digdialog/richard-freedman-digital-dialogue-at-mith-november
INFO:root:finished archiving richard-freedman-digital-dialogue-at-mith-november
INFO:root:downloading story matthew-lincoln-digital-dialogue-at-mith-october-2 to digdialog/matthew-lincoln-digital-dialogue-at-mith-october-2
INFO:root:fetching images for digdialog/matthew-lincoln-digital-dialogue-at-mith-october-2
INFO:root:rewriting html digdialog/matthew-lincoln-digital-dialogue-at-mith-october-2
INFO:root:finished archiving matthew-lincoln-digital-dialogue-at-mith-october-2
INFO:root:downloading story james-english-digital-dialogue-at-mith-october-20- to digdialog/james-english-digital-dialogue-at-mith-october-20-
INFO:root:fetching images for digdialog/james-english-digital-dialogue-at-mith-october-20-
INFO:root:rewriting html digdialog/james-english-digital-dialogue-at-mith-october-20-
INFO:root:finished archiving james-english-digital-dialogue-at-mith-october-20-
INFO:root:downloading story cheryl-ball-digital-dialogue-at-mith-october-13-20 to digdialog/cheryl-ball-digital-dialogue-at-mith-october-13-20
INFO:root:fetching images for digdialog/cheryl-ball-digital-dialogue-at-mith-october-13-20
INFO:root:rewriting html digdialog/cheryl-ball-digital-dialogue-at-mith-october-13-20
INFO:root:finished archiving cheryl-ball-digital-dialogue-at-mith-october-13-20
INFO:root:downloading story a-woman-s-touch-manual-labor-pink-collar-workers-a to digdialog/a-woman-s-touch-manual-labor-pink-collar-workers-a
INFO:root:fetching images for digdialog/a-woman-s-touch-manual-labor-pink-collar-workers-a
INFO:root:rewriting html digdialog/a-woman-s-touch-manual-labor-pink-collar-workers-a
INFO:root:finished archiving a-woman-s-touch-manual-labor-pink-collar-workers-a
INFO:root:finished archiving account digdialog
